<?xml version="1.0" encoding="UTF-8"?>
<beans xmlns="http://www.springframework.org/schema/beans"
       xmlns:xsi="http://www.w3.org/2001/XMLSchema-instance"
       xmlns:context="http://www.springframework.org/schema/context" xmlns:tx="http://www.springframework.org/schema/tx"
       xsi:schemaLocation="http://www.springframework.org/schema/beans http://www.springframework.org/schema/beans/spring-beans-3.1.xsd http://www.springframework.org/schema/context http://www.springframework.org/schema/context/spring-context.xsd http://www.springframework.org/schema/tx http://www.springframework.org/schema/tx/spring-tx.xsd">

    <tx:annotation-driven transaction-manager="transactionManager"/>

    <bean id="testDataSource" class="org.apache.commons.dbcp.BasicDataSource">
        <property name="testOnBorrow" value="true"/>
        <property name="url" value="jdbc:h2:./jpa-test"/>
        <property name="maxActive" value="5"/>
        <property name="maxIdle" value="5"/>
        <property name="defaultAutoCommit" value="false"/>
    </bean>

    <bean id="transactionManager" class="org.springframework.orm.hibernate5.HibernateTransactionManager">
        <property name="dataSource" ref="testDataSource"/>
        <property name="sessionFactory" ref="hibernateSessionFactory"/>
    </bean>

    <tx:annotation-driven/>

    <bean id="liquibase" class="liquibase.integration.spring.SpringLiquibase" depends-on="testDataSource">
        <property name="contexts" value="master,test"/>
        <property name="dataSource" ref="testDataSource"/>
        <property name="changeLog" value="file:src/main/java/ua/pp/kaha/db/liquibase.xml"/>
    </bean>

    <bean id="hibernateSessionFactory"
          class="org.springframework.orm.hibernate5.LocalSessionFactoryBean" depends-on="liquibase">
        <property name="dataSource" ref="testDataSource"/>
        <property name="hibernateProperties">
            <props>
                <prop key="hibernate.show_sql">true</prop>
            </props>
        </property>
        <property name="annotatedClasses">
            <list>
                <value>ua.pp.kaha.model.Measurement</value>
                <value>ua.pp.kaha.model.User</value>
            </list>
        </property>
    </bean>

    <bean id="userDao" class="ua.pp.kaha.dao.HibernateUserDAO" depends-on="hibernateSessionFactory">
        <constructor-arg name="sessionFactory" ref="hibernateSessionFactory"/>
    </bean>

</beans>